<?xml version="1.0" encoding="utf-8"?><testsuites name="pytest tests"><testsuite name="pytest" errors="0" failures="1" skipped="0" tests="14" time="5.488" timestamp="2026-06-30T22:25:37.996102+00:00" hostname="agent-env-f75ad5b8-3ff7-4666-926a-5a2948bc9adc"><testcase classname="tests.test_phase4_slice40_public_url" name="test_definitions_unauthenticated_returns_401" time="0.152" /><testcase classname="tests.test_phase4_slice40_public_url" name="test_definitions_lists_echo_v1" time="1.193" /><testcase classname="tests.test_phase4_slice40_public_url" name="test_plain_user_cannot_start_instance" time="1.180" /><testcase classname="tests.test_phase4_slice40_public_url" name="test_start_instance_returns_received_state" time="0.137" /><testcase classname="tests.test_phase4_slice40_public_url" name="test_tasks_list_scoped" time="0.337" /><testcase classname="tests.test_phase4_slice40_public_url" name="test_timers_list_endpoint" time="0.127" /><testcase classname="tests.test_phase4_slice40_public_url" name="test_fire_nonexistent_timer_returns_404" time="0.128" /><testcase classname="tests.test_phase4_slice40_public_url" name="test_start_with_unknown_definition_returns_404" time="0.128" /><testcase classname="tests.test_phase4_slice40_public_url" name="test_cancel_instance" time="0.311" /><testcase classname="tests.test_phase4_slice40_public_url" name="test_suspend_then_reactivate" time="0.488" /><testcase classname="tests.test_phase4_slice40_public_url" name="test_replay_matches_committed" time="0.258"><failure message="AssertionError: {&quot;title&quot;:&quot;Resource not found&quot;,&quot;status&quot;:404,&quot;code&quot;:&quot;workflow.instance.not_found&quot;,&quot;detail&quot;:&quot;workflow instance wfi_32104305dd5d41d38f5f881c970ca989 has no events&quot;,&quot;type&quot;:&quot;https://aquasavannah.landvault/problems/workflow.instance.not_found&quot;,&quot;instance&quot;:&quot;/api/v1/workflow/admin/instances/wfi_32104305dd5d41d38f5f881c970ca989/replay&quot;,&quot;correlation_id&quot;:&quot;57b60a35-765e-4b4c-a6f6-4b837b3aea71&quot;}&#10;assert 404 == 200&#10; +  where 404 = &lt;Response [404]&gt;.status_code">tests/test_phase4_slice40_public_url.py:224: in test_replay_matches_committed
    assert r.status_code == 200, r.text
E   AssertionError: {"title":"Resource not found","status":404,"code":"workflow.instance.not_found","detail":"workflow instance wfi_32104305dd5d41d38f5f881c970ca989 has no events","type":"https://aquasavannah.landvault/problems/workflow.instance.not_found","instance":"/api/v1/workflow/admin/instances/wfi_32104305dd5d41d38f5f881c970ca989/replay","correlation_id":"57b60a35-765e-4b4c-a6f6-4b837b3aea71"}
E   assert 404 == 200
E    +  where 404 = &lt;Response [404]&gt;.status_code</failure></testcase><testcase classname="tests.test_phase4_slice40_public_url" name="test_replay_denied_to_plain_user" time="0.289" /><testcase classname="tests.test_phase4_slice40_public_url" name="test_admin_projections_lists_both" time="0.274" /><testcase classname="tests.test_phase4_slice40_public_url" name="test_workflow_instance_projection_status" time="0.294" /></testsuite></testsuites>