<?xml version="1.0" encoding="utf-8"?><testsuites name="pytest tests"><testsuite name="pytest" errors="0" failures="0" skipped="0" tests="51" time="19.872" timestamp="2026-06-30T22:27:07.074621+00:00" hostname="agent-env-f75ad5b8-3ff7-4666-926a-5a2948bc9adc"><testcase classname="tests.test_phase4_slice40_workflow" name="test_definition_from_dict_happy_path" time="0.001" /><testcase classname="tests.test_phase4_slice40_workflow" name="test_definition_rejects_missing_initial_state" time="0.000" /><testcase classname="tests.test_phase4_slice40_workflow" name="test_definition_rejects_unknown_transition_target" time="0.000" /><testcase classname="tests.test_phase4_slice40_workflow" name="test_definition_rejects_unknown_action_verb" time="0.000" /><testcase classname="tests.test_phase4_slice40_workflow" name="test_definition_rejects_self_spawn_cycle" time="0.000" /><testcase classname="tests.test_phase4_slice40_workflow" name="test_cross_definition_spawn_cycle_rejected" time="0.002" /><testcase classname="tests.test_phase4_slice40_workflow" name="test_instance_start_emits_started_event" time="0.000" /><testcase classname="tests.test_phase4_slice40_workflow" name="test_instance_command_advances_state_and_bumps_version" time="0.000" /><testcase classname="tests.test_phase4_slice40_workflow" name="test_instance_rejects_illegal_transition" time="0.000" /><testcase classname="tests.test_phase4_slice40_workflow" name="test_instance_rejects_unknown_command" time="0.000" /><testcase classname="tests.test_phase4_slice40_workflow" name="test_terminal_instance_rejects_commands" time="0.000" /><testcase classname="tests.test_phase4_slice40_workflow" name="test_instance_suspend_blocks_commands" time="0.000" /><testcase classname="tests.test_phase4_slice40_workflow" name="test_instance_cancel_emits_event_and_marks_terminated" time="0.000" /><testcase classname="tests.test_phase4_slice40_workflow" name="test_replay_apply_rebuilds_business_state" time="0.000" /><testcase classname="tests.test_phase4_slice40_workflow" name="test_replay_apply_rejects_unknown_event" time="0.000" /><testcase classname="tests.test_phase4_slice40_workflow" name="test_task_create_claim_complete_flow" time="0.000" /><testcase classname="tests.test_phase4_slice40_workflow" name="test_task_other_principal_cannot_complete_claimed_task" time="0.000" /><testcase classname="tests.test_phase4_slice40_workflow" name="test_task_cannot_be_double_claimed" time="0.000" /><testcase classname="tests.test_phase4_slice40_workflow" name="test_timer_schedule_and_fire" time="0.000" /><testcase classname="tests.test_phase4_slice40_workflow" name="test_timer_cancel_then_fire_fails" time="0.000" /><testcase classname="tests.test_phase4_slice40_workflow" name="test_in_memory_loader_round_trip" time="0.000" /><testcase classname="tests.test_phase4_slice40_workflow" name="test_workflow_definitions_listed" time="0.947" /><testcase classname="tests.test_phase4_slice40_workflow" name="test_workflow_unauthenticated_blocked" time="0.024" /><testcase classname="tests.test_phase4_slice40_workflow" name="test_workflow_echo_end_to_end" time="1.077" /><testcase classname="tests.test_phase4_slice40_workflow" name="test_workflow_replay_is_byte_identical" time="3.472" /><testcase classname="tests.test_phase4_slice40_workflow" name="test_workflow_replay_requires_super_admin" time="0.617" /><testcase classname="tests.test_phase4_slice40_workflow" name="test_workflow_creates_task_via_echo_definition" time="1.128" /><testcase classname="tests.test_phase4_slice40_workflow" name="test_workflow_instance_projection_updates" time="3.473" /><testcase classname="tests.test_phase4_slice40_workflow" name="test_workflow_context_never_writes_evidence_collections" time="0.179" /><testcase classname="tests.test_contract_freeze" name="test_contract_version_pinned" time="0.000" /><testcase classname="tests.test_contract_freeze" name="test_contract_package_has_no_drift" time="0.461" /><testcase classname="tests.test_contract_freeze" name="test_every_artifact_is_committed" time="0.063" /><testcase classname="tests.test_contract_freeze" name="test_canonical_v1_endpoints_present" time="0.002" /><testcase classname="tests.test_contract_freeze" name="test_every_legacy_endpoint_is_deprecated" time="0.002" /><testcase classname="tests.test_contract_freeze" name="test_event_catalog_matches_outbox_event_types" time="0.000" /><testcase classname="tests.test_contract_freeze" name="test_role_matrix_matches_canonical_roles" time="0.000" /><testcase classname="tests.test_contract_freeze" name="test_sdk_fingerprints_are_present_and_well_formed" time="0.001" /><testcase classname="tests.test_phase4_slice40_public_url" name="test_definitions_unauthenticated_returns_401" time="0.220" /><testcase classname="tests.test_phase4_slice40_public_url" name="test_definitions_lists_echo_v1" time="1.205" /><testcase classname="tests.test_phase4_slice40_public_url" name="test_plain_user_cannot_start_instance" time="1.186" /><testcase classname="tests.test_phase4_slice40_public_url" name="test_start_instance_returns_received_state" time="0.137" /><testcase classname="tests.test_phase4_slice40_public_url" name="test_tasks_list_scoped" time="0.298" /><testcase classname="tests.test_phase4_slice40_public_url" name="test_timers_list_endpoint" time="0.116" /><testcase classname="tests.test_phase4_slice40_public_url" name="test_fire_nonexistent_timer_returns_404" time="0.131" /><testcase classname="tests.test_phase4_slice40_public_url" name="test_start_with_unknown_definition_returns_404" time="0.127" /><testcase classname="tests.test_phase4_slice40_public_url" name="test_cancel_instance" time="0.281" /><testcase classname="tests.test_phase4_slice40_public_url" name="test_suspend_then_reactivate" time="0.389" /><testcase classname="tests.test_phase4_slice40_public_url" name="test_replay_matches_committed" time="3.319" /><testcase classname="tests.test_phase4_slice40_public_url" name="test_replay_denied_to_plain_user" time="0.283" /><testcase classname="tests.test_phase4_slice40_public_url" name="test_admin_projections_lists_both" time="0.260" /><testcase classname="tests.test_phase4_slice40_public_url" name="test_workflow_instance_projection_status" time="0.241" /></testsuite></testsuites>