<?xml version="1.0" encoding="utf-8"?><testsuites name="pytest tests"><testsuite name="pytest" errors="0" failures="0" skipped="0" tests="37" time="12.279" timestamp="2026-06-30T22:23:55.813990+00:00" hostname="agent-env-f75ad5b8-3ff7-4666-926a-5a2948bc9adc"><testcase classname="tests.test_phase4_slice40_workflow" name="test_definition_from_dict_happy_path" time="0.001" /><testcase classname="tests.test_phase4_slice40_workflow" name="test_definition_rejects_missing_initial_state" time="0.000" /><testcase classname="tests.test_phase4_slice40_workflow" name="test_definition_rejects_unknown_transition_target" time="0.000" /><testcase classname="tests.test_phase4_slice40_workflow" name="test_definition_rejects_unknown_action_verb" time="0.000" /><testcase classname="tests.test_phase4_slice40_workflow" name="test_definition_rejects_self_spawn_cycle" time="0.000" /><testcase classname="tests.test_phase4_slice40_workflow" name="test_cross_definition_spawn_cycle_rejected" time="0.002" /><testcase classname="tests.test_phase4_slice40_workflow" name="test_instance_start_emits_started_event" time="0.000" /><testcase classname="tests.test_phase4_slice40_workflow" name="test_instance_command_advances_state_and_bumps_version" time="0.000" /><testcase classname="tests.test_phase4_slice40_workflow" name="test_instance_rejects_illegal_transition" time="0.000" /><testcase classname="tests.test_phase4_slice40_workflow" name="test_instance_rejects_unknown_command" time="0.000" /><testcase classname="tests.test_phase4_slice40_workflow" name="test_terminal_instance_rejects_commands" time="0.000" /><testcase classname="tests.test_phase4_slice40_workflow" name="test_instance_suspend_blocks_commands" time="0.000" /><testcase classname="tests.test_phase4_slice40_workflow" name="test_instance_cancel_emits_event_and_marks_terminated" time="0.000" /><testcase classname="tests.test_phase4_slice40_workflow" name="test_replay_apply_rebuilds_business_state" time="0.000" /><testcase classname="tests.test_phase4_slice40_workflow" name="test_replay_apply_rejects_unknown_event" time="0.000" /><testcase classname="tests.test_phase4_slice40_workflow" name="test_task_create_claim_complete_flow" time="0.000" /><testcase classname="tests.test_phase4_slice40_workflow" name="test_task_other_principal_cannot_complete_claimed_task" time="0.000" /><testcase classname="tests.test_phase4_slice40_workflow" name="test_task_cannot_be_double_claimed" time="0.000" /><testcase classname="tests.test_phase4_slice40_workflow" name="test_timer_schedule_and_fire" time="0.000" /><testcase classname="tests.test_phase4_slice40_workflow" name="test_timer_cancel_then_fire_fails" time="0.000" /><testcase classname="tests.test_phase4_slice40_workflow" name="test_in_memory_loader_round_trip" time="0.000" /><testcase classname="tests.test_phase4_slice40_workflow" name="test_workflow_definitions_listed" time="1.088" /><testcase classname="tests.test_phase4_slice40_workflow" name="test_workflow_unauthenticated_blocked" time="0.028" /><testcase classname="tests.test_phase4_slice40_workflow" name="test_workflow_echo_end_to_end" time="1.113" /><testcase classname="tests.test_phase4_slice40_workflow" name="test_workflow_replay_is_byte_identical" time="3.602" /><testcase classname="tests.test_phase4_slice40_workflow" name="test_workflow_replay_requires_super_admin" time="0.615" /><testcase classname="tests.test_phase4_slice40_workflow" name="test_workflow_creates_task_via_echo_definition" time="1.161" /><testcase classname="tests.test_phase4_slice40_workflow" name="test_workflow_instance_projection_updates" time="3.485" /><testcase classname="tests.test_phase4_slice40_workflow" name="test_workflow_context_never_writes_evidence_collections" time="0.223" /><testcase classname="tests.test_contract_freeze" name="test_contract_version_pinned" time="0.000" /><testcase classname="tests.test_contract_freeze" name="test_contract_package_has_no_drift" time="0.567" /><testcase classname="tests.test_contract_freeze" name="test_every_artifact_is_committed" time="0.037" /><testcase classname="tests.test_contract_freeze" name="test_canonical_v1_endpoints_present" time="0.003" /><testcase classname="tests.test_contract_freeze" name="test_every_legacy_endpoint_is_deprecated" time="0.002" /><testcase classname="tests.test_contract_freeze" name="test_event_catalog_matches_outbox_event_types" time="0.000" /><testcase classname="tests.test_contract_freeze" name="test_role_matrix_matches_canonical_roles" time="0.000" /><testcase classname="tests.test_contract_freeze" name="test_sdk_fingerprints_are_present_and_well_formed" time="0.001" /></testsuite></testsuites>