<?xml version="1.0" encoding="utf-8"?><testsuites name="pytest tests"><testsuite name="pytest" errors="0" failures="0" skipped="0" tests="192" time="111.393" timestamp="2026-06-29T13:54:15.158928+00:00" hostname="agent-env-f75ad5b8-3ff7-4666-926a-5a2948bc9adc"><testcase classname="tests.test_phase1_identity.TestJwksAndJwt" name="test_jwks_publishes_signing_key" time="0.012" /><testcase classname="tests.test_phase1_identity.TestJwksAndJwt" name="test_access_token_verifies_with_jwks_public_key" time="0.552" /><testcase classname="tests.test_phase1_identity.TestAuthFlow" name="test_register_login_me" time="0.583" /><testcase classname="tests.test_phase1_identity.TestAuthFlow" name="test_login_with_wrong_password_returns_401_problem_json" time="0.811" /><testcase classname="tests.test_phase1_identity.TestAuthFlow" name="test_me_without_token_returns_401" time="0.002" /><testcase classname="tests.test_phase1_identity.TestAuthFlow" name="test_me_with_tampered_token_returns_401" time="0.545" /><testcase classname="tests.test_phase1_identity.TestAuthFlow" name="test_refresh_rotates_and_replay_kills_chain" time="0.970" /><testcase classname="tests.test_phase1_identity.TestAuthFlow" name="test_logout_revokes_current_session" time="0.909" /><testcase classname="tests.test_phase1_identity.TestAuthFlow" name="test_duplicate_register_returns_409" time="0.535" /><testcase classname="tests.test_phase1_identity.TestAuthFlow" name="test_weak_password_rejected" time="0.002" /><testcase classname="tests.test_phase1_identity.TestLegacyCoexistence" name="test_legacy_health_still_works" time="0.003" /><testcase classname="tests.test_phase1_identity.TestLegacyCoexistence" name="test_legacy_dev_login_still_works" time="0.010" /><testcase classname="tests.test_registry_aggregate_invariants" name="test_registry_id_is_immutable_via_update_helper" time="0.000" /><testcase classname="tests.test_registry_aggregate_invariants" name="test_parcel_number_is_immutable" time="0.000" /><testcase classname="tests.test_registry_aggregate_invariants" name="test_tenant_and_country_are_immutable" time="0.000" /><testcase classname="tests.test_registry_aggregate_invariants" name="test_created_at_and_origin_are_immutable" time="0.000" /><testcase classname="tests.test_registry_aggregate_invariants" name="test_version_is_monotonic_across_updates" time="0.000" /><testcase classname="tests.test_registry_aggregate_invariants" name="test_schema_version_never_decreases" time="0.000" /><testcase classname="tests.test_registry_aggregate_invariants" name="test_creation_emits_landvault_created_and_initial_ownership_events" time="0.000" /><testcase classname="tests.test_registry_aggregate_invariants" name="test_contact_update_does_NOT_emit_ownership_recorded" time="0.000" /><testcase classname="tests.test_registry_aggregate_invariants" name="test_legal_ownership_transfer_emits_ownership_recorded_and_appends_history" time="0.000" /><testcase classname="tests.test_registry_aggregate_invariants" name="test_ownership_history_is_append_only" time="0.000" /><testcase classname="tests.test_registry_aggregate_invariants" name="test_ownership_transfer_without_legal_field_changes_is_rejected" time="0.000" /><testcase classname="tests.test_registry_aggregate_invariants" name="test_locked_status_blocks_owner_updates" time="0.000" /><testcase classname="tests.test_registry_aggregate_invariants" name="test_evidence_sealed_blocks_owner_updates" time="0.000" /><testcase classname="tests.test_registry_aggregate_invariants" name="test_archive_is_one_way" time="0.000" /><testcase classname="tests.test_registry_aggregate_invariants" name="test_creation_requires_ownership_type_and_owner_name" time="0.000" /><testcase classname="tests.test_registry_aggregate_invariants" name="test_creation_requires_tenant_and_country" time="0.000" /><testcase classname="tests.test_evidence_aggregate_invariants" name="test_evidence_create_initial_state_is_pending_upload" time="0.000" /><testcase classname="tests.test_evidence_aggregate_invariants" name="test_evidence_invalid_kind_is_rejected" time="0.000" /><testcase classname="tests.test_evidence_aggregate_invariants" name="test_evidence_invalid_client_hash_claim_is_rejected" time="0.000" /><testcase classname="tests.test_evidence_aggregate_invariants" name="test_evidence_fsm_happy_path" time="0.000" /><testcase classname="tests.test_evidence_aggregate_invariants" name="test_evidence_verify_requires_pending_verification" time="0.000" /><testcase classname="tests.test_evidence_aggregate_invariants" name="test_evidence_streamed_vs_readback_mismatch_rolls_back_to_pending_upload" time="0.000" /><testcase classname="tests.test_evidence_aggregate_invariants" name="test_evidence_client_claim_mismatch_is_rejected" time="0.000" /><testcase classname="tests.test_evidence_aggregate_invariants" name="test_evidence_immutable_fields_after_creation" time="0.000" /><testcase classname="tests.test_evidence_aggregate_invariants" name="test_evidence_sealed_blocks_all_mutations" time="0.000" /><testcase classname="tests.test_evidence_aggregate_invariants" name="test_evidence_attach_to_seal_requires_verified" time="0.000" /><testcase classname="tests.test_evidence_aggregate_invariants" name="test_evidence_attach_to_seal_is_idempotent_same_id" time="0.000" /><testcase classname="tests.test_evidence_aggregate_invariants" name="test_evidence_attach_to_seal_rejects_second_seal" time="0.000" /><testcase classname="tests.test_evidence_aggregate_invariants" name="test_evidence_archive_replaced_is_only_exit_from_sealed" time="0.000" /><testcase classname="tests.test_evidence_aggregate_invariants" name="test_evidence_optimistic_concurrency_check" time="0.000" /><testcase classname="tests.test_evidence_aggregate_invariants" name="test_merkle_root_single_leaf_is_leaf" time="0.000" /><testcase classname="tests.test_evidence_aggregate_invariants" name="test_merkle_root_is_order_independent_via_sort" time="0.000" /><testcase classname="tests.test_evidence_aggregate_invariants" name="test_merkle_root_rejects_non_sha256" time="0.000" /><testcase classname="tests.test_evidence_aggregate_invariants" name="test_canonical_json_hash_is_stable" time="0.000" /><testcase classname="tests.test_evidence_aggregate_invariants" name="test_seal_create_freezes_manifest" time="0.000" /><testcase classname="tests.test_evidence_aggregate_invariants" name="test_seal_requires_at_least_one_item" time="0.000" /><testcase classname="tests.test_evidence_aggregate_invariants" name="test_seal_rejects_duplicate_items" time="0.000" /><testcase classname="tests.test_evidence_aggregate_invariants" name="test_seal_rejects_item_missing_required_field" time="0.000" /><testcase classname="tests.test_evidence_aggregate_invariants" name="test_seal_apply_worm_is_idempotent_and_one_way" time="0.000" /><testcase classname="tests.test_evidence_aggregate_invariants" name="test_seal_anchor_batch_is_write_once" time="0.000" /><testcase classname="tests.test_evidence_aggregate_invariants" name="test_seal_to_state_round_trips_tuples_as_lists" time="0.000" /><testcase classname="tests.test_evidence_api_e2e" name="test_evidence_full_happy_path" time="4.497" /><testcase classname="tests.test_evidence_api_e2e" name="test_anonymous_cannot_upload" time="3.582" /><testcase classname="tests.test_evidence_api_e2e" name="test_citizen_role_cannot_upload" time="3.601" /><testcase classname="tests.test_evidence_api_e2e" name="test_field_agent_cannot_create_seal" time="3.853" /><testcase classname="tests.test_evidence_api_e2e" name="test_client_hash_claim_mismatch_returns_409" time="3.790" /><testcase classname="tests.test_evidence_api_e2e" name="test_seal_requires_verified_items" time="3.723" /><testcase classname="tests.test_evidence_api_e2e" name="test_seal_then_worm_locks_storage_against_overwrite" time="3.898" /><testcase classname="tests.test_evidence_api_e2e" name="test_sealed_item_blocks_re_verification" time="3.891" /><testcase classname="tests.test_evidence_api_e2e" name="test_cross_tenant_evidence_read_returns_404" time="3.742" /><testcase classname="tests.test_evidence_api_e2e" name="test_signed_url_audits_before_returning" time="3.826" /><testcase classname="tests.test_evidence_api_e2e" name="test_contract_freeze_at_1_2_0" time="0.000" /><testcase classname="tests.test_evidence_api_e2e" name="test_evidence_event_types_are_registered_in_outbox" time="0.000" /><testcase classname="tests.test_evidence_media_remediation" name="test_happy_path_verify_copy_reverify_cutover" time="0.215" /><testcase classname="tests.test_evidence_media_remediation" name="test_running_twice_is_a_noop" time="0.223" /><testcase classname="tests.test_evidence_media_remediation" name="test_dry_run_does_not_touch_source" time="0.140" /><testcase classname="tests.test_evidence_media_remediation" name="test_missing_inline_field_is_orphaned" time="0.104" /><testcase classname="tests.test_evidence_media_remediation" name="test_reverify_mismatch_keeps_source_intact" time="0.212" /><testcase classname="tests.test_evidence_media_remediation" name="test_saga_history_records_every_transition" time="0.223" /><testcase classname="tests.test_evidence_media_remediation" name="test_scan_collection_processes_all_inline_fields" time="0.291" /><testcase classname="tests.test_evidence_pii_encryption" name="test_no_domain_or_application_code_imports_nacl" time="0.033" /><testcase classname="tests.test_evidence_pii_encryption" name="test_ensure_country_master_is_idempotent" time="0.183" /><testcase classname="tests.test_evidence_pii_encryption" name="test_get_or_create_tenant_dek_is_idempotent_per_tenant_country" time="0.083" /><testcase classname="tests.test_evidence_pii_encryption" name="test_tenant_dek_plaintext_is_never_persisted" time="0.171" /><testcase classname="tests.test_evidence_pii_encryption" name="test_encrypt_decrypt_round_trip_bytes" time="0.174" /><testcase classname="tests.test_evidence_pii_encryption" name="test_encrypt_decrypt_round_trip_stream" time="0.174" /><testcase classname="tests.test_evidence_pii_encryption" name="test_cross_country_unwrap_without_break_glass_denied" time="0.174" /><testcase classname="tests.test_evidence_pii_encryption" name="test_break_glass_requires_super_admin" time="0.169" /><testcase classname="tests.test_evidence_pii_encryption" name="test_break_glass_reason_must_be_in_allow_list" time="0.140" /><testcase classname="tests.test_evidence_pii_encryption" name="test_break_glass_records_security_incident_before_returning" time="0.175" /><testcase classname="tests.test_evidence_pii_encryption" name="test_break_glass_dual_auth_field_is_carried_through" time="0.174" /><testcase classname="tests.test_evidence_pii_encryption" name="test_tampered_ciphertext_fails_to_decrypt" time="0.175" /><testcase classname="tests.test_evidence_pii_encryption" name="test_envelope_round_trip_via_dict" time="0.170" /><testcase classname="tests.test_evidence_pii_encryption" name="test_residency_country_of_async_returns_dek_country" time="0.172" /><testcase classname="tests.test_evidence_storage_foundation" name="test_canonical_key_layout_is_tier_first" time="0.000" /><testcase classname="tests.test_evidence_storage_foundation" name="test_storage_tier_is_two_valued" time="0.000" /><testcase classname="tests.test_evidence_storage_foundation" name="test_storage_key_rejects_empties_and_invalid_dates" time="0.000" /><testcase classname="tests.test_evidence_storage_foundation" name="test_multipart_upload_streams_and_produces_canonical_hash" time="0.152" /><testcase classname="tests.test_evidence_storage_foundation" name="test_part_size_exceeds_max_is_rejected" time="0.002" /><testcase classname="tests.test_evidence_storage_foundation" name="test_empty_multipart_complete_is_rejected" time="0.002" /><testcase classname="tests.test_evidence_storage_foundation" name="test_read_back_stream_matches_upload_byte_for_byte" time="0.005" /><testcase classname="tests.test_evidence_storage_foundation" name="test_worm_apply_then_overwrite_is_blocked" time="0.004" /><testcase classname="tests.test_evidence_storage_foundation" name="test_worm_governance_mode_rejected" time="0.004" /><testcase classname="tests.test_evidence_storage_foundation" name="test_worm_extend_must_be_forward" time="0.005" /><testcase classname="tests.test_evidence_storage_foundation" name="test_worm_status_reports_expired_lock_as_unlocked" time="0.004" /><testcase classname="tests.test_evidence_storage_foundation" name="test_move_streams_through_verify_callback_and_keeps_source" time="0.007" /><testcase classname="tests.test_evidence_storage_foundation" name="test_r2_adapter_raises_not_implemented_with_clear_message" time="0.001" /><testcase classname="tests.test_evidence_storage_foundation" name="test_clamp_ttl_respects_role_tier_caps" time="0.001" /><testcase classname="tests.test_evidence_storage_foundation" name="test_signed_url_writes_audit_before_returning" time="0.149" /><testcase classname="tests.test_evidence_storage_foundation" name="test_signed_url_rejects_invalid_ttl" time="0.144" /><testcase classname="tests.test_phase36_aggregates" name="test_lock_create_emits_applied_event" time="0.000" /><testcase classname="tests.test_phase36_aggregates" name="test_lock_rejects_non_compliance_mode" time="0.000" /><testcase classname="tests.test_phase36_aggregates" name="test_lock_extend_retention_is_forward_only" time="0.000" /><testcase classname="tests.test_phase36_aggregates" name="test_lock_extend_rejects_backward_retention" time="0.000" /><testcase classname="tests.test_phase36_aggregates" name="test_lock_extend_rejects_equal_retention" time="0.000" /><testcase classname="tests.test_phase36_aggregates" name="test_lock_to_state_roundtrip" time="0.000" /><testcase classname="tests.test_phase36_aggregates" name="test_integrity_check_initial_state_is_running" time="0.000" /><testcase classname="tests.test_phase36_aggregates" name="test_integrity_check_genesis_requires_prev_hash_none" time="0.000" /><testcase classname="tests.test_phase36_aggregates" name="test_integrity_check_non_genesis_requires_prev_hash" time="0.000" /><testcase classname="tests.test_phase36_aggregates" name="test_integrity_check_invalid_trigger_rejected" time="0.000" /><testcase classname="tests.test_phase36_aggregates" name="test_integrity_record_pass_requires_match" time="0.000" /><testcase classname="tests.test_phase36_aggregates" name="test_integrity_record_pass_rejects_hash_drift" time="0.000" /><testcase classname="tests.test_phase36_aggregates" name="test_integrity_record_fail_emits_event" time="0.000" /><testcase classname="tests.test_phase36_aggregates" name="test_integrity_check_terminal_state_is_one_way" time="0.000" /><testcase classname="tests.test_phase36_aggregates" name="test_integrity_chain_helper_verifies_genuine_chain" time="0.000" /><testcase classname="tests.test_phase36_aggregates" name="test_anchor_batch_initial_state_pending" time="0.000" /><testcase classname="tests.test_phase36_aggregates" name="test_anchor_batch_requires_seals" time="0.000" /><testcase classname="tests.test_phase36_aggregates" name="test_anchor_batch_rejects_unknown_provider" time="0.000" /><testcase classname="tests.test_phase36_aggregates" name="test_anchor_batch_rejects_duplicate_seal" time="0.000" /><testcase classname="tests.test_phase36_aggregates" name="test_anchor_batch_root_is_set_equivalent" time="0.000" /><testcase classname="tests.test_phase36_aggregates" name="test_anchor_batch_fsm_happy_path" time="0.000" /><testcase classname="tests.test_phase36_aggregates" name="test_anchor_batch_illegal_transition_rejected" time="0.000" /><testcase classname="tests.test_phase36_aggregates" name="test_anchor_batch_dlq_is_terminal" time="0.000" /><testcase classname="tests.test_phase36_aggregates" name="test_anchor_batch_confirmed_is_terminal" time="0.000" /><testcase classname="tests.test_phase36_aggregates" name="test_anchor_batch_replay_marker_is_write_once" time="0.000" /><testcase classname="tests.test_phase36_aggregates" name="test_anchor_batch_inclusion_proofs_write_once" time="0.000" /><testcase classname="tests.test_phase36_aggregates" name="test_anchor_batch_events_emitted_per_transition" time="0.000" /><testcase classname="tests.test_phase36_aggregates" name="test_anchor_batch_state_roundtrip" time="0.000" /><testcase classname="tests.test_phase36_e2e" name="test_lock_persisted_on_apply_worm" time="3.533" /><testcase classname="tests.test_phase36_e2e" name="test_anchor_batcher_creates_batch_for_each_provider" time="3.028" /><testcase classname="tests.test_phase36_e2e" name="test_full_saga_drives_to_confirmed" time="3.168" /><testcase classname="tests.test_phase36_e2e" name="test_get_batch_endpoint_returns_inclusion_proofs" time="3.050" /><testcase classname="tests.test_phase36_e2e" name="test_on_demand_integrity_check_passes_for_clean_storage" time="3.093" /><testcase classname="tests.test_phase36_e2e" name="test_integrity_check_fails_when_storage_is_tampered" time="3.046" /><testcase classname="tests.test_phase36_e2e" name="test_lock_extend_endpoint_is_forward_only" time="3.084" /><testcase classname="tests.test_phase36_e2e" name="test_dlq_replay_creates_new_batch_keeps_old_frozen" time="3.071" /><testcase classname="tests.test_phase36_e2e" name="test_evidence_context_never_writes_registry_collection" time="0.003" /><testcase classname="tests.test_phase36_e2e" name="test_phase36_events_in_outbox_registry" time="0.000" /><testcase classname="tests.test_phase36_e2e" name="test_contract_freeze_at_1_3_0" time="0.000" /><testcase classname="tests.test_phase36_e2e" name="test_constitutional_no_pii_in_anchor_event_payloads" time="0.000" /><testcase classname="tests.test_phase37_timeline" name="test_timeline_genesis_requires_prev_hash_none" time="0.000" /><testcase classname="tests.test_phase37_timeline" name="test_timeline_non_genesis_requires_prev_hash" time="0.000" /><testcase classname="tests.test_phase37_timeline" name="test_timeline_invalid_kind_rejected" time="0.000" /><testcase classname="tests.test_phase37_timeline" name="test_timeline_chain_reconstruction_is_deterministic" time="0.000" /><testcase classname="tests.test_phase37_timeline" name="test_custody_requires_justification" time="0.000" /><testcase classname="tests.test_phase37_timeline" name="test_custody_rejects_unknown_action" time="0.000" /><testcase classname="tests.test_phase37_timeline" name="test_legal_hold_initial_state_active" time="0.000" /><testcase classname="tests.test_phase37_timeline" name="test_legal_hold_release_is_one_way" time="0.000" /><testcase classname="tests.test_phase37_timeline" name="test_legal_hold_release_requires_reason" time="0.000" /><testcase classname="tests.test_phase37_timeline" name="test_timeline_is_auto_projected_from_event_stream" time="3.981" /><testcase classname="tests.test_phase37_timeline" name="test_custody_records_signed_url_access" time="4.051" /><testcase classname="tests.test_phase37_timeline" name="test_record_custody_endpoint_appends_link" time="3.048" /><testcase classname="tests.test_phase37_timeline" name="test_apply_and_release_legal_hold" time="3.205" /><testcase classname="tests.test_phase37_timeline" name="test_legal_hold_requires_privileged_role" time="3.040" /><testcase classname="tests.test_phase37_timeline" name="test_supersession_chain_endpoint" time="3.062" /><testcase classname="tests.test_phase37_timeline" name="test_timeline_no_pii_leak_in_payloads" time="4.006" /><testcase classname="tests.test_phase37_timeline" name="test_phase37_events_in_outbox_registry" time="0.000" /><testcase classname="tests.test_phase37_timeline" name="test_contract_at_or_above_1_4_0" time="0.000" /><testcase classname="tests.test_phase38_projections" name="test_purity_accepts_pure_projection" time="0.010" /><testcase classname="tests.test_phase38_projections" name="test_purity_rejects_aggregate_mutation_token" time="0.003" /><testcase classname="tests.test_phase38_projections" name="test_purity_rejects_publish_token" time="0.003" /><testcase classname="tests.test_phase38_projections" name="test_engine_register_and_deliver_updates_cursor" time="0.017" /><testcase classname="tests.test_phase38_projections" name="test_replay_rebuild_is_byte_identical" time="0.051" /><testcase classname="tests.test_phase38_projections" name="test_replay_after_reset_full_state" time="0.058" /><testcase classname="tests.test_phase38_projections" name="test_lag_metric_reflects_undelivered_events" time="0.044" /><testcase classname="tests.test_phase38_projections" name="test_snapshot_records_baseline" time="0.017" /><testcase classname="tests.test_phase38_projections" name="test_status_for_unknown_projection_raises" time="0.005" /><testcase classname="tests.test_phase38_projections" name="test_admin_projections_requires_auth" time="0.024" /><testcase classname="tests.test_phase38_projections" name="test_admin_projections_denies_non_super_admin" time="1.304" /><testcase classname="tests.test_phase38_projections" name="test_admin_projections_list_super_admin" time="1.304" /><testcase classname="tests.test_phase38_projections" name="test_admin_projection_get_unknown_returns_404" time="1.297" /><testcase classname="tests.test_phase38_projections" name="test_admin_projection_snapshot_records_timestamp" time="1.311" /><testcase classname="tests.test_phase38_projections" name="test_timeline_replay_is_byte_identical_end_to_end" time="7.515" /><testcase classname="tests.test_phase38_projections" name="test_contract_at_or_above_1_5_0" time="0.000" /><testcase classname="tests.test_phase38_projections" name="test_admin_projection_endpoints_in_openapi" time="0.025" /><testcase classname="tests.test_contract_freeze" name="test_contract_version_pinned" time="0.000" /><testcase classname="tests.test_contract_freeze" name="test_contract_package_has_no_drift" time="0.513" /><testcase classname="tests.test_contract_freeze" name="test_every_artifact_is_committed" time="0.030" /><testcase classname="tests.test_contract_freeze" name="test_canonical_v1_endpoints_present" time="0.002" /><testcase classname="tests.test_contract_freeze" name="test_every_legacy_endpoint_is_deprecated" time="0.002" /><testcase classname="tests.test_contract_freeze" name="test_event_catalog_matches_outbox_event_types" time="0.000" /><testcase classname="tests.test_contract_freeze" name="test_role_matrix_matches_canonical_roles" time="0.000" /><testcase classname="tests.test_contract_freeze" name="test_sdk_fingerprints_are_present_and_well_formed" time="0.000" /><testcase classname="tests.test_sdk_consistency" name="test_sdk_meta_matches_compatibility_manifest" time="0.000" /><testcase classname="tests.test_sdk_consistency" name="test_every_sdk_path_exists_in_openapi" time="0.002" /><testcase classname="tests.test_sdk_consistency" name="test_sdk_covers_phase38_admin_projection_endpoints" time="0.000" /><testcase classname="tests.test_sdk_consistency" name="test_sdk_covers_evidence_projection_endpoints" time="0.000" /><testcase classname="tests.test_sdk_consistency" name="test_evidence_pages_never_call_fetch_or_axios_directly" time="0.002" /><testcase classname="tests.test_sdk_consistency" name="test_evidence_pages_import_only_from_sdk_for_network" time="0.000" /><testcase classname="tests.test_sdk_consistency" name="test_compatibility_manifest_at_or_above_v1_5_0" time="0.000" /></testsuite></testsuites>