<?xml version="1.0" encoding="utf-8"?><testsuites name="pytest tests"><testsuite name="pytest" errors="0" failures="0" skipped="0" tests="17" time="12.652" timestamp="2026-06-29T13:14:39.992393+00:00" hostname="agent-env-f75ad5b8-3ff7-4666-926a-5a2948bc9adc"><testcase classname="tests.test_phase38_projections" name="test_purity_accepts_pure_projection" time="0.005" /><testcase classname="tests.test_phase38_projections" name="test_purity_rejects_aggregate_mutation_token" time="0.003" /><testcase classname="tests.test_phase38_projections" name="test_purity_rejects_publish_token" time="0.003" /><testcase classname="tests.test_phase38_projections" name="test_engine_register_and_deliver_updates_cursor" time="0.021" /><testcase classname="tests.test_phase38_projections" name="test_replay_rebuild_is_byte_identical" time="0.043" /><testcase classname="tests.test_phase38_projections" name="test_replay_after_reset_full_state" time="0.054" /><testcase classname="tests.test_phase38_projections" name="test_lag_metric_reflects_undelivered_events" time="0.040" /><testcase classname="tests.test_phase38_projections" name="test_snapshot_records_baseline" time="0.019" /><testcase classname="tests.test_phase38_projections" name="test_status_for_unknown_projection_raises" time="0.005" /><testcase classname="tests.test_phase38_projections" name="test_admin_projections_requires_auth" time="0.038" /><testcase classname="tests.test_phase38_projections" name="test_admin_projections_denies_non_super_admin" time="1.300" /><testcase classname="tests.test_phase38_projections" name="test_admin_projections_list_super_admin" time="1.299" /><testcase classname="tests.test_phase38_projections" name="test_admin_projection_get_unknown_returns_404" time="1.317" /><testcase classname="tests.test_phase38_projections" name="test_admin_projection_snapshot_records_timestamp" time="1.300" /><testcase classname="tests.test_phase38_projections" name="test_timeline_replay_is_byte_identical_end_to_end" time="7.036" /><testcase classname="tests.test_phase38_projections" name="test_contract_at_or_above_1_5_0" time="0.000" /><testcase classname="tests.test_phase38_projections" name="test_admin_projection_endpoints_in_openapi" time="0.026" /></testsuite></testsuites>