<?xml version="1.0" encoding="utf-8"?><testsuites name="pytest tests"><testsuite name="pytest" errors="0" failures="1" skipped="0" tests="38" time="8.945" timestamp="2026-06-24T17:40:32.149230+00:00" hostname="agent-env-f75ad5b8-3ff7-4666-926a-5a2948bc9adc"><testcase classname="backend.tests.backend_test.TestPublic" name="test_health" time="0.309" /><testcase classname="backend.tests.backend_test.TestPublic" name="test_public_stats" time="0.152" /><testcase classname="backend.tests.backend_test.TestPublic" name="test_public_plans" time="0.117" /><testcase classname="backend.tests.backend_test.TestPublic" name="test_public_verify_positive" time="0.112" /><testcase classname="backend.tests.backend_test.TestPublic" name="test_public_verify_negative" time="0.137" /><testcase classname="backend.tests.backend_test.TestPublic" name="test_public_transparency" time="0.120" /><testcase classname="backend.tests.backend_test.TestAuth" name="test_dev_login_citizen" time="0.099" /><testcase classname="backend.tests.backend_test.TestAuth" name="test_me" time="0.045" /><testcase classname="backend.tests.backend_test.TestAuth" name="test_logout_invalidates_session" time="0.231" /><testcase classname="backend.tests.backend_test.TestCitizenFlow" name="test_dashboard" time="0.047" /><testcase classname="backend.tests.backend_test.TestCitizenFlow" name="test_create_parcel_deducts_credits" time="0.188" /><testcase classname="backend.tests.backend_test.TestCitizenFlow" name="test_upload_evidence" time="0.145" /><testcase classname="backend.tests.backend_test.TestCitizenFlow" name="test_insufficient_credits_returns_402" time="2.032" /><testcase classname="backend.tests.backend_test.TestValidator" name="test_dashboard" time="0.183" /><testcase classname="backend.tests.backend_test.TestValidator" name="test_attestation_submission" time="0.098" /><testcase classname="backend.tests.backend_test.TestValidator" name="test_citizen_cannot_attest" time="0.042" /><testcase classname="backend.tests.backend_test.TestSurveyor" name="test_dashboard" time="0.172" /><testcase classname="backend.tests.backend_test.TestSurveyor" name="test_upload_plan" time="0.197" /><testcase classname="backend.tests.backend_test.TestAdmin" name="test_overview" time="0.158" /><testcase classname="backend.tests.backend_test.TestAdmin" name="test_list_endpoints_populated" time="0.289" /><testcase classname="backend.tests.backend_test.TestAdmin" name="test_process_jobs" time="0.067" /><testcase classname="backend.tests.backend_test.TestAdmin" name="test_run_trust" time="0.239" /><testcase classname="backend.tests.backend_test.TestAdmin" name="test_security_scan" time="0.056" /><testcase classname="backend.tests.backend_test.TestAdmin" name="test_readiness" time="0.060" /><testcase classname="backend.tests.backend_test.TestRBAC" name="test_citizen_blocked_from_admin" time="0.047" /><testcase classname="backend.tests.backend_test.TestRBAC" name="test_surveyor_blocked_from_admin" time="0.052" /><testcase classname="backend.tests.backend_test.TestPaymentsConfig" name="test_config_anonymous_public" time="0.150" /><testcase classname="backend.tests.backend_test.TestPaymentsStripe" name="test_stripe_checkout_pack" time="0.644" /><testcase classname="backend.tests.backend_test.TestPaymentsStripe" name="test_stripe_checkout_plan_monthly" time="0.452" /><testcase classname="backend.tests.backend_test.TestPaymentsStripe" name="test_stripe_checkout_invite_only_plan_rejected" time="0.043" /><testcase classname="backend.tests.backend_test.TestPaymentsStripe" name="test_stripe_status_known_session" time="0.289" /><testcase classname="backend.tests.backend_test.TestPaymentsStripe" name="test_stripe_status_unknown_session_returns_404" time="0.300"><failure message="AssertionError: expected 404, got 500: Internal Server Error&#10;assert 500 == 404&#10; +  where 500 = &lt;Response [500]&gt;.status_code">backend/tests/backend_test.py:396: in test_stripe_status_unknown_session_returns_404
    assert r.status_code == 404, f"expected 404, got {r.status_code}: {r.text[:200]}"
E   AssertionError: expected 404, got 500: Internal Server Error
E   assert 500 == 404
E    +  where 500 = &lt;Response [500]&gt;.status_code</failure></testcase><testcase classname="backend.tests.backend_test.TestPaymentsStripe" name="test_stripe_checkout_requires_auth" time="0.097" /><testcase classname="backend.tests.backend_test.TestPaymentsPaystackDisabled" name="test_paystack_init_503" time="0.048" /><testcase classname="backend.tests.backend_test.TestPaymentsPaystackDisabled" name="test_paystack_verify_503" time="0.044" /><testcase classname="backend.tests.backend_test.TestWebhooks" name="test_stripe_webhook_no_secret_acknowledges" time="0.097" /><testcase classname="backend.tests.backend_test.TestWebhooks" name="test_paystack_webhook_no_secret_acknowledges" time="0.101" /><testcase classname="backend.tests.backend_test.TestIdempotency" name="test_stripe_status_double_call_does_not_double_credit" time="1.130" /></testsuite></testsuites>