<?xml version="1.0" encoding="utf-8"?><testsuites name="pytest tests"><testsuite name="pytest" errors="0" failures="1" skipped="0" tests="28" time="9.600" timestamp="2026-06-24T17:22:55.472566+00:00" hostname="agent-env-f75ad5b8-3ff7-4666-926a-5a2948bc9adc"><testcase classname="backend.tests.backend_test.TestPublic" name="test_health" time="0.310" /><testcase classname="backend.tests.backend_test.TestPublic" name="test_public_stats" time="0.110"><failure message="AssertionError: missing parcels&#10;assert 'parcels' in {'total_parcels': 4, 'verified_parcels': 1, 'total_attestations': 3, 'registered_surveyors': 1}">backend/tests/backend_test.py:69: in test_public_stats
    assert key in d, f"missing {key}"
E   AssertionError: missing parcels
E   assert 'parcels' in {'total_parcels': 4, 'verified_parcels': 1, 'total_attestations': 3, 'registered_surveyors': 1}</failure></testcase><testcase classname="backend.tests.backend_test.TestPublic" name="test_public_plans" time="0.135" /><testcase classname="backend.tests.backend_test.TestPublic" name="test_public_verify_positive" time="0.099" /><testcase classname="backend.tests.backend_test.TestPublic" name="test_public_verify_negative" time="0.101" /><testcase classname="backend.tests.backend_test.TestPublic" name="test_public_transparency" time="0.113" /><testcase classname="backend.tests.backend_test.TestAuth" name="test_dev_login_citizen" time="0.133" /><testcase classname="backend.tests.backend_test.TestAuth" name="test_me" time="0.042" /><testcase classname="backend.tests.backend_test.TestAuth" name="test_logout_invalidates_session" time="0.211" /><testcase classname="backend.tests.backend_test.TestCitizenFlow" name="test_dashboard" time="0.047" /><testcase classname="backend.tests.backend_test.TestCitizenFlow" name="test_create_parcel_deducts_credits" time="0.191" /><testcase classname="backend.tests.backend_test.TestCitizenFlow" name="test_upload_evidence" time="0.139" /><testcase classname="backend.tests.backend_test.TestCitizenFlow" name="test_insufficient_credits_returns_402" time="4.965" /><testcase classname="backend.tests.backend_test.TestValidator" name="test_dashboard" time="0.231" /><testcase classname="backend.tests.backend_test.TestValidator" name="test_attestation_submission" time="0.116" /><testcase classname="backend.tests.backend_test.TestValidator" name="test_citizen_cannot_attest" time="0.046" /><testcase classname="backend.tests.backend_test.TestSurveyor" name="test_dashboard" time="0.158" /><testcase classname="backend.tests.backend_test.TestSurveyor" name="test_upload_plan" time="0.233" /><testcase classname="backend.tests.backend_test.TestAdmin" name="test_overview" time="0.160" /><testcase classname="backend.tests.backend_test.TestAdmin" name="test_list_endpoints_populated" time="0.313" /><testcase classname="backend.tests.backend_test.TestAdmin" name="test_process_jobs" time="0.075" /><testcase classname="backend.tests.backend_test.TestAdmin" name="test_run_trust" time="0.120" /><testcase classname="backend.tests.backend_test.TestAdmin" name="test_security_scan" time="0.061" /><testcase classname="backend.tests.backend_test.TestAdmin" name="test_readiness" time="0.058" /><testcase classname="backend.tests.backend_test.TestRBAC" name="test_citizen_blocked_from_admin" time="0.049" /><testcase classname="backend.tests.backend_test.TestRBAC" name="test_surveyor_blocked_from_admin" time="0.047" /><testcase classname="backend.tests.backend_test.TestPayments" name="test_stripe_checkout_creates_session" time="0.786" /><testcase classname="backend.tests.backend_test.TestPayments" name="test_paystack_init_and_verify_idempotent" time="0.331" /></testsuite></testsuites>